  Main.cpp
C:\Users\Xavier\Documents\GitHub\DirectXGame\DirectXGame\Main.cpp(3,1): warning C4005: 'UNICODE': macro redefinition
C:\Users\Xavier\Documents\GitHub\DirectXGame\DirectXGame\Main.cpp : message : see previous definition of 'UNICODE'
C:\Users\Xavier\Documents\GitHub\DirectXGame\DirectXGame\VectorMath.h(1207,22): warning C4244: '=': conversion from 'double' to 'float', possible loss of data
C:\Users\Xavier\Documents\GitHub\DirectXGame\DirectXGame\VectorMath.h(1208,22): warning C4244: '=': conversion from 'double' to 'float', possible loss of data
C:\Users\Xavier\Documents\GitHub\DirectXGame\DirectXGame\VectorMath.h(1209,22): warning C4244: '=': conversion from 'double' to 'float', possible loss of data
C:\Users\Xavier\Documents\GitHub\DirectXGame\DirectXGame\VectorMath.h(1210,22): warning C4244: '=': conversion from 'double' to 'float', possible loss of data
C:\Users\Xavier\Documents\GitHub\DirectXGame\DirectXGame\VectorMath.h(1514,15): warning C4244: 'initializing': conversion from 'double' to 'float', possible loss of data
C:\Users\Xavier\Documents\GitHub\DirectXGame\DirectXGame\Scene.h(329,1): warning C4305: 'initializing': truncation from 'double' to 'float'
C:\Users\Xavier\Documents\GitHub\DirectXGame\DirectXGame\Scene.h(342,1): warning C4305: '-=': truncation from 'double' to 'float'
C:\Users\Xavier\Documents\GitHub\DirectXGame\DirectXGame\Scene.h(344,1): warning C4305: '+=': truncation from 'double' to 'float'
  UniformRigidBody.cpp
C:\Users\Xavier\Documents\GitHub\DirectXGame\DirectXGame\VectorMath.h(1207,22): warning C4244: '=': conversion from 'double' to 'float', possible loss of data
C:\Users\Xavier\Documents\GitHub\DirectXGame\DirectXGame\VectorMath.h(1208,22): warning C4244: '=': conversion from 'double' to 'float', possible loss of data
C:\Users\Xavier\Documents\GitHub\DirectXGame\DirectXGame\VectorMath.h(1209,22): warning C4244: '=': conversion from 'double' to 'float', possible loss of data
C:\Users\Xavier\Documents\GitHub\DirectXGame\DirectXGame\VectorMath.h(1210,22): warning C4244: '=': conversion from 'double' to 'float', possible loss of data
C:\Users\Xavier\Documents\GitHub\DirectXGame\DirectXGame\VectorMath.h(1514,15): warning C4244: 'initializing': conversion from 'double' to 'float', possible loss of data
  Generating Code...
C:\Users\Xavier\Documents\GitHub\DirectXGame\DirectXGame\VectorMath.h(956): warning C4715: 'Vector4::operator[]': not all control paths return a value
C:\Users\Xavier\Documents\GitHub\DirectXGame\DirectXGame\VectorMath.h(956): warning C4715: 'Vector4::operator[]': not all control paths return a value
C:\Users\Xavier\Documents\GitHub\DirectXGame\DirectXGame\VectorMath.h(1128): warning C4715: 'Matrix4::row': not all control paths return a value
  DirectXGame.vcxproj -> C:\Users\Xavier\Documents\GitHub\DirectXGame\x64\Debug\DirectXGame.exe
