c:\users\xavier\documents\directxgame\directxgame\x64\debug\vc142.pdb
c:\users\xavier\documents\directxgame\directxgame\x64\debug\vc142.idb
c:\users\xavier\documents\directxgame\directxgame\x64\debug\objloading.obj
c:\users\xavier\documents\directxgame\directxgame\x64\debug\main.obj
c:\users\xavier\documents\github\directxgame\directxgame\x64\debug\vc142.pdb
c:\users\xavier\documents\github\directxgame\directxgame\x64\debug\vc142.idb
c:\users\xavier\documents\github\directxgame\directxgame\x64\debug\objloading.obj
c:\users\xavier\documents\github\directxgame\directxgame\x64\debug\main.obj
c:\users\xavier\documents\directxgame\x64\debug\directxgame.exe
c:\users\xavier\documents\directxgame\directxgame\x64\debug\directxgame.ilk
c:\users\xavier\documents\directxgame\x64\debug\directxgame.pdb
c:\users\xavier\documents\github\directxgame\x64\debug\directxgame.exe
c:\users\xavier\documents\github\directxgame\directxgame\x64\debug\directxgame.ilk
c:\users\xavier\documents\github\directxgame\x64\debug\directxgame.pdb
c:\users\xavier\documents\github\directxgame\directxgame\x64\debug\directxgame.tlog\cl.command.1.tlog
c:\users\xavier\documents\github\directxgame\directxgame\x64\debug\directxgame.tlog\cl.read.1.tlog
c:\users\xavier\documents\github\directxgame\directxgame\x64\debug\directxgame.tlog\cl.write.1.tlog
c:\users\xavier\documents\github\directxgame\directxgame\x64\debug\directxgame.tlog\link.command.1.tlog
c:\users\xavier\documents\github\directxgame\directxgame\x64\debug\directxgame.tlog\link.read.1.tlog
c:\users\xavier\documents\github\directxgame\directxgame\x64\debug\directxgame.tlog\link.write.1.tlog
